#
# A fatal error has been detected by the Java Runtime Environment:
#
#  EXCEPTION_ACCESS_VIOLATION (0xc0000005) at pc=0x0000000002ada6a5, pid=5476, tid=22728
#
# JRE version: Java(TM) SE Runtime Environment (8.0_31-b13) (build 1.8.0_31-b13)
# Java VM: Java HotSpot(TM) 64-Bit Server VM (25.31-b07 mixed mode windows-amd64 compressed oops)
# Problematic frame:
# V  [jvm.dll+0x11a6a5]
#
# Failed to write core dump. Minidumps are not enabled by default on client versions of Windows
#
# If you would like to submit a bug report, please visit:
#   http://bugreport.java.com/bugreport/crash.jsp
#

---------------  T H R E A D  ---------------

Current thread (0x000000000a9ee800):  JavaThread "JDWP Transport Listener: dt_socket" daemon [_thread_in_vm, id=22728, stack(0x000000000cab0000,0x000000000cbb0000)]

siginfo: ExceptionCode=0xc0000005, reading address 0x0000000000003b72

Registers:
RAX=0x000000000cbaf201, RBX=0x000000000a9ee800, RCX=0x0000000000003b72, RDX=0x0000000000000000
RSP=0x000000000cbaf280, RBP=0x0000000000003b72, RSI=0x000000000cbaf398, RDI=0x00000000029baa00
R8 =0x000000000a9ee800, R9 =0x000004b3003a0005, R10=0x0000000000000000, R11=0x000000000d7b54a8
R12=0x0000000000000000, R13=0x000000000a9f5e18, R14=0x0000000000000000, R15=0x0000000000000000
RIP=0x0000000002ada6a5, EFLAGS=0x0000000000010206

Top of Stack: (sp=0x000000000cbaf280)
0x000000000cbaf280:   000000000a9ee800 000000000a9ee800
0x000000000cbaf290:   000000000cbaf348 0000000002cd7c1b
0x000000000cbaf2a0:   000000000a9ee800 0000000002cf447d
0x000000000cbaf2b0:   0000000000000000 0000000061ff9149
0x000000000cbaf2c0:   000000000aaf92a8 0000000062002912
0x000000000cbaf2d0:   000000000a9ee800 0000000000000000
0x000000000cbaf2e0:   0000000000000000 0000000000000000
0x000000000cbaf2f0:   0000000000003b72 0000000062001a09
0x000000000cbaf300:   000000000cbaf398 000000000cbaf370
0x000000000cbaf310:   0000000000000001 000000000aaf92a8
0x000000000cbaf320:   0000000000003b72 0000000061fe53b3
0x000000000cbaf330:   000000000cbaf460 0000000000000001
0x000000000cbaf340:   0000000000000001 000000000aaf92a8
0x000000000cbaf350:   000000000000000a 0000000000000000
0x000000000cbaf360:   0000000000000000 0000000000000000
0x000000000cbaf370:   0000000000000001 0000000061fe5571 

Instructions: (pc=0x0000000002ada6a5)
0x0000000002ada685:   cc cc cc cc cc cc cc cc cc cc cc 48 83 ec 28 48
0x0000000002ada695:   85 c9 75 07 33 c0 48 83 c4 28 c3 48 89 5c 24 20
0x0000000002ada6a5:   48 8b 19 48 85 db 74 20 48 83 fb 37 74 1a 48 8b
0x0000000002ada6b5:   13 48 8b cb ff 52 10 84 c0 74 0d 48 8b c3 48 8b 


Register to memory mapping:

RAX=0x000000000cbaf201 is pointing into the stack for thread: 0x000000000a9ee800
RBX=0x000000000a9ee800 is a thread
RCX=0x0000000000003b72 is an unknown value
RDX=0x0000000000000000 is an unknown value
RSP=0x000000000cbaf280 is pointing into the stack for thread: 0x000000000a9ee800
RBP=0x0000000000003b72 is an unknown value
RSI=0x000000000cbaf398 is pointing into the stack for thread: 0x000000000a9ee800
RDI=0x00000000029baa00 is an unknown value
R8 =0x000000000a9ee800 is a thread
R9 =0x000004b3003a0005 is an unknown value
R10=0x0000000000000000 is an unknown value
R11=0x000000000d7b54a8 is an unknown value
R12=0x0000000000000000 is an unknown value
R13=0x000000000a9f5e18 is an unknown value
R14=0x0000000000000000 is an unknown value
R15=0x0000000000000000 is an unknown value


Stack: [0x000000000cab0000,0x000000000cbb0000],  sp=0x000000000cbaf280,  free space=1020k
Native frames: (J=compiled Java code, j=interpreted, Vv=VM code, C=native code)
V  [jvm.dll+0x11a6a5]
V  [jvm.dll+0x33447d]
C  [jdwp.dll+0x21a09]
C  [jdwp.dll+0x53b3]
C  [jdwp.dll+0x5571]
C  [jdwp.dll+0xf09c]
C  [jdwp.dll+0x1f2c9]
C  [jdwp.dll+0x1f49e]
V  [jvm.dll+0x1ac128]
V  [jvm.dll+0x22c194]
V  [jvm.dll+0x28576a]
C  [msvcr100.dll+0x21d9f]
C  [msvcr100.dll+0x21e3b]
C  [kernel32.dll+0x1652d]
C  [ntdll.dll+0x2c541]


---------------  P R O C E S S  ---------------

Java Threads: ( => current thread )
  0x000000000aa8f800 JavaThread "Service Thread" daemon [_thread_blocked, id=1620, stack(0x000000000d390000,0x000000000d490000)]
  0x000000000aa5b800 JavaThread "C1 CompilerThread3" daemon [_thread_blocked, id=24336, stack(0x000000000cf60000,0x000000000d060000)]
  0x000000000aa53000 JavaThread "C2 CompilerThread2" daemon [_thread_blocked, id=11460, stack(0x000000000d240000,0x000000000d340000)]
  0x000000000aa15800 JavaThread "C2 CompilerThread1" daemon [_thread_blocked, id=25020, stack(0x000000000d090000,0x000000000d190000)]
  0x000000000aa0a800 JavaThread "C2 CompilerThread0" daemon [_thread_blocked, id=16376, stack(0x000000000ce50000,0x000000000cf50000)]
  0x000000000a9fb800 JavaThread "JDWP Command Reader" daemon [_thread_in_native, id=20516, stack(0x000000000cd00000,0x000000000ce00000)]
  0x000000000a9f8000 JavaThread "JDWP Event Helper Thread" daemon [_thread_blocked, id=18308, stack(0x000000000cbd0000,0x000000000ccd0000)]
=>0x000000000a9ee800 JavaThread "JDWP Transport Listener: dt_socket" daemon [_thread_in_vm, id=22728, stack(0x000000000cab0000,0x000000000cbb0000)]
  0x000000000a9e1000 JavaThread "Attach Listener" daemon [_thread_blocked, id=5376, stack(0x000000000b930000,0x000000000ba30000)]
  0x000000000a9e0000 JavaThread "Signal Dispatcher" daemon [_thread_blocked, id=17288, stack(0x000000000bf90000,0x000000000c090000)]
  0x000000000991f800 JavaThread "Finalizer" daemon [_thread_blocked, id=22568, stack(0x000000000bdb0000,0x000000000beb0000)]
  0x0000000009918800 JavaThread "Reference Handler" daemon [_thread_blocked, id=14000, stack(0x000000000bbe0000,0x000000000bce0000)]
  0x0000000002839800 JavaThread "main" [_thread_blocked, id=2896, stack(0x0000000003270000,0x0000000003370000)]

Other Threads:
  0x000000000a983000 VMThread [stack: 0x000000000ba80000,0x000000000bb80000] [id=27464]
  0x000000000aa91000 WatcherThread [stack: 0x000000000d560000,0x000000000d660000] [id=6332]

VM state:not at safepoint (normal execution)

VM Mutex/Monitor currently owned by a thread: None

Heap:
 PSYoungGen      total 213504K, used 188074K [0x00000000d5c00000, 0x00000000f1b80000, 0x0000000100000000)
  eden space 105984K, 76% used [0x00000000d5c00000,0x00000000daab2700,0x00000000dc380000)
  from space 107520K, 99% used [0x00000000dc380000,0x00000000e2c78468,0x00000000e2c80000)
  to   space 161280K, 0% used [0x00000000e7e00000,0x00000000e7e00000,0x00000000f1b80000)
 ParOldGen       total 477184K, used 334355K [0x0000000081400000, 0x000000009e600000, 0x00000000d5c00000)
  object space 477184K, 70% used [0x0000000081400000,0x0000000095a84ce8,0x000000009e600000)
 Metaspace       used 4074K, capacity 5292K, committed 5632K, reserved 1056768K
  class space    used 405K, capacity 424K, committed 512K, reserved 1048576K

Card table byte_map: [0x0000000003ab0000,0x0000000003eb0000] byte_map_base: 0x00000000036a6000

Marking Bits: (ParMarkBitMap*) 0x000000000319d4f0
 Begin Bits: [0x0000000004bd0000, 0x0000000006b80000)
 End Bits:   [0x0000000006b80000, 0x0000000008b30000)

Polling page: 0x0000000000240000

CodeCache: size=245760Kb used=1607Kb max_used=1619Kb free=244153Kb
 bounds [0x000000000f010000, 0x000000000f280000, 0x000000001e010000]
 total_blobs=497 nmethods=236 adapters=183
 compilation: enabled

Compilation events (10 events):
Event: 3.965 Thread 0x000000000aa5b800  232 %     3       org.cloudbus.cloudsim.DatacenterBroker::submitCloudlets @ 394 (425 bytes)
Event: 3.969 Thread 0x000000000aa5b800 nmethod 232% 0x000000000f19c850 code [0x000000000f19cec0, 0x000000000f1a0fc8]
Event: 5.064 Thread 0x000000000aa0a800  233       4       java.lang.Object::equals (11 bytes)
Event: 5.064 Thread 0x000000000aa0a800 nmethod 233 0x000000000f181610 code [0x000000000f181740, 0x000000000f1817b8]
Event: 5.065 Thread 0x000000000aa53000  234       4       java.util.ArrayList::remove (77 bytes)
Event: 5.067 Thread 0x000000000aa53000 nmethod 234 0x000000000f1881d0 code [0x000000000f188320, 0x000000000f188538]
Event: 15.619 Thread 0x000000000aa15800  235 %     4       org.cloudbus.cloudsim.DatacenterBroker::submitCloudlets @ 394 (425 bytes)
Event: 15.637 Thread 0x000000000aa15800 nmethod 235% 0x000000000f188b50 code [0x000000000f188ce0, 0x000000000f189838]
Event: 124.135 Thread 0x000000000aa5b800  236       3       java.util.TreeMap::rightOf (13 bytes)
Event: 124.135 Thread 0x000000000aa5b800 nmethod 236 0x000000000f188790 code [0x000000000f1888e0, 0x000000000f188a70]

GC Heap History (10 events):
Event: 1.502 GC heap before
{Heap before GC invocations=6 (full 2):
 PSYoungGen      total 71680K, used 66560K [0x00000000d5c00000, 0x00000000dc100000, 0x0000000100000000)
  eden space 66560K, 100% used [0x00000000d5c00000,0x00000000d9d00000,0x00000000d9d00000)
  from space 5120K, 0% used [0x00000000d9d00000,0x00000000d9d00000,0x00000000da200000)
  to   space 5120K, 0% used [0x00000000dbc00000,0x00000000dbc00000,0x00000000dc100000)
 ParOldGen       total 267264K, used 120481K [0x0000000081400000, 0x0000000091900000, 0x00000000d5c00000)
  object space 267264K, 45% used [0x0000000081400000,0x00000000889a8550,0x0000000091900000)
 Metaspace       used 3560K, capacity 4844K, committed 5120K, reserved 1056768K
  class space    used 384K, capacity 424K, committed 512K, reserved 1048576K
Event: 1.554 GC heap after
Heap after GC invocations=6 (full 2):
 PSYoungGen      total 90112K, used 5120K [0x00000000d5c00000, 0x00000000dc100000, 0x0000000100000000)
  eden space 84992K, 0% used [0x00000000d5c00000,0x00000000d5c00000,0x00000000daf00000)
  from space 5120K, 100% used [0x00000000dbc00000,0x00000000dc100000,0x00000000dc100000)
  to   space 5120K, 0% used [0x00000000db700000,0x00000000db700000,0x00000000dbc00000)
 ParOldGen       total 267264K, used 177649K [0x0000000081400000, 0x0000000091900000, 0x00000000d5c00000)
  object space 267264K, 66% used [0x0000000081400000,0x000000008c17c550,0x0000000091900000)
 Metaspace       used 3560K, capacity 4844K, committed 5120K, reserved 1056768K
  class space    used 384K, capacity 424K, committed 512K, reserved 1048576K
}
Event: 1.575 GC heap before
{Heap before GC invocations=7 (full 2):
 PSYoungGen      total 90112K, used 90112K [0x00000000d5c00000, 0x00000000dc100000, 0x0000000100000000)
  eden space 84992K, 100% used [0x00000000d5c00000,0x00000000daf00000,0x00000000daf00000)
  from space 5120K, 100% used [0x00000000dbc00000,0x00000000dc100000,0x00000000dc100000)
  to   space 5120K, 0% used [0x00000000db700000,0x00000000db700000,0x00000000dbc00000)
 ParOldGen       total 267264K, used 177649K [0x0000000081400000, 0x0000000091900000, 0x00000000d5c00000)
  object space 267264K, 66% used [0x0000000081400000,0x000000008c17c550,0x0000000091900000)
 Metaspace       used 3560K, capacity 4844K, committed 5120K, reserved 1056768K
  class space    used 384K, capacity 424K, committed 512K, reserved 1048576K
Event: 1.650 GC heap after
Heap after GC invocations=7 (full 2):
 PSYoungGen      total 98304K, used 5120K [0x00000000d5c00000, 0x00000000e8a00000, 0x0000000100000000)
  eden space 93184K, 0% used [0x00000000d5c00000,0x00000000d5c00000,0x00000000db700000)
  from space 5120K, 100% used [0x00000000db700000,0x00000000dbc00000,0x00000000dbc00000)
  to   space 95744K, 0% used [0x00000000e2c80000,0x00000000e2c80000,0x00000000e8a00000)
 ParOldGen       total 267264K, used 257193K [0x0000000081400000, 0x0000000091900000, 0x00000000d5c00000)
  object space 267264K, 96% used [0x0000000081400000,0x0000000090f2a550,0x0000000091900000)
 Metaspace       used 3560K, capacity 4844K, committed 5120K, reserved 1056768K
  class space    used 384K, capacity 424K, committed 512K, reserved 1048576K
}
Event: 1.650 GC heap before
{Heap before GC invocations=8 (full 3):
 PSYoungGen      total 98304K, used 5120K [0x00000000d5c00000, 0x00000000e8a00000, 0x0000000100000000)
  eden space 93184K, 0% used [0x00000000d5c00000,0x00000000d5c00000,0x00000000db700000)
  from space 5120K, 100% used [0x00000000db700000,0x00000000dbc00000,0x00000000dbc00000)
  to   space 95744K, 0% used [0x00000000e2c80000,0x00000000e2c80000,0x00000000e8a00000)
 ParOldGen       total 267264K, used 257193K [0x0000000081400000, 0x0000000091900000, 0x00000000d5c00000)
  object space 267264K, 96% used [0x0000000081400000,0x0000000090f2a550,0x0000000091900000)
 Metaspace       used 3560K, capacity 4844K, committed 5120K, reserved 1056768K
  class space    used 384K, capacity 424K, committed 512K, reserved 1048576K
Event: 2.722 GC heap after
Heap after GC invocations=8 (full 3):
 PSYoungGen      total 98304K, used 0K [0x00000000d5c00000, 0x00000000e8a00000, 0x0000000100000000)
  eden space 93184K, 0% used [0x00000000d5c00000,0x00000000d5c00000,0x00000000db700000)
  from space 5120K, 0% used [0x00000000db700000,0x00000000db700000,0x00000000dbc00000)
  to   space 95744K, 0% used [0x00000000e2c80000,0x00000000e2c80000,0x00000000e8a00000)
 ParOldGen       total 477184K, used 261203K [0x0000000081400000, 0x000000009e600000, 0x00000000d5c00000)
  object space 477184K, 54% used [0x0000000081400000,0x0000000091314ce8,0x000000009e600000)
 Metaspace       used 3560K, capacity 4844K, committed 5120K, reserved 1056768K
  class space    used 384K, capacity 424K, committed 512K, reserved 1048576K
}
Event: 2.743 GC heap before
{Heap before GC invocations=9 (full 3):
 PSYoungGen      total 98304K, used 93184K [0x00000000d5c00000, 0x00000000e8a00000, 0x0000000100000000)
  eden space 93184K, 100% used [0x00000000d5c00000,0x00000000db700000,0x00000000db700000)
  from space 5120K, 0% used [0x00000000db700000,0x00000000db700000,0x00000000dbc00000)
  to   space 95744K, 0% used [0x00000000e2c80000,0x00000000e2c80000,0x00000000e8a00000)
 ParOldGen       total 477184K, used 261203K [0x0000000081400000, 0x000000009e600000, 0x00000000d5c00000)
  object space 477184K, 54% used [0x0000000081400000,0x0000000091314ce8,0x000000009e600000)
 Metaspace       used 3560K, capacity 4844K, committed 5120K, reserved 1056768K
  class space    used 384K, capacity 424K, committed 512K, reserved 1048576K
Event: 2.802 GC heap after
Heap after GC invocations=9 (full 3):
 PSYoungGen      total 201728K, used 86816K [0x00000000d5c00000, 0x00000000ea480000, 0x0000000100000000)
  eden space 105984K, 0% used [0x00000000d5c00000,0x00000000d5c00000,0x00000000dc380000)
  from space 95744K, 90% used [0x00000000e2c80000,0x00000000e8148000,0x00000000e8a00000)
  to   space 107520K, 0% used [0x00000000dc380000,0x00000000dc380000,0x00000000e2c80000)
 ParOldGen       total 477184K, used 261203K [0x0000000081400000, 0x000000009e600000, 0x00000000d5c00000)
  object space 477184K, 54% used [0x0000000081400000,0x0000000091314ce8,0x000000009e600000)
 Metaspace       used 3560K, capacity 4844K, committed 5120K, reserved 1056768K
  class space    used 384K, capacity 424K, committed 512K, reserved 1048576K
}
Event: 3.153 GC heap before
{Heap before GC invocations=10 (full 3):
 PSYoungGen      total 201728K, used 192800K [0x00000000d5c00000, 0x00000000ea480000, 0x0000000100000000)
  eden space 105984K, 100% used [0x00000000d5c00000,0x00000000dc380000,0x00000000dc380000)
  from space 95744K, 90% used [0x00000000e2c80000,0x00000000e8148000,0x00000000e8a00000)
  to   space 107520K, 0% used [0x00000000dc380000,0x00000000dc380000,0x00000000e2c80000)
 ParOldGen       total 477184K, used 261203K [0x0000000081400000, 0x000000009e600000, 0x00000000d5c00000)
  object space 477184K, 54% used [0x0000000081400000,0x0000000091314ce8,0x000000009e600000)
 Metaspace       used 3699K, capacity 4908K, committed 5120K, reserved 1056768K
  class space    used 396K, capacity 424K, committed 512K, reserved 1048576K
Event: 3.250 GC heap after
Heap after GC invocations=10 (full 3):
 PSYoungGen      total 213504K, used 107489K [0x00000000d5c00000, 0x00000000f1b80000, 0x0000000100000000)
  eden space 105984K, 0% used [0x00000000d5c00000,0x00000000d5c00000,0x00000000dc380000)
  from space 107520K, 99% used [0x00000000dc380000,0x00000000e2c78468,0x00000000e2c80000)
  to   space 161280K, 0% used [0x00000000e7e00000,0x00000000e7e00000,0x00000000f1b80000)
 ParOldGen       total 477184K, used 334355K [0x0000000081400000, 0x000000009e600000, 0x00000000d5c00000)
  object space 477184K, 70% used [0x0000000081400000,0x0000000095a84ce8,0x000000009e600000)
 Metaspace       used 3699K, capacity 4908K, committed 5120K, reserved 1056768K
  class space    used 396K, capacity 424K, committed 512K, reserved 1048576K
}

Deoptimization events (4 events):
Event: 2.871 Thread 0x0000000002839800 Uncommon trap: reason=unreached action=reinterpret pc=0x000000000f15d678 method=java.util.LinkedList.toArray()[Ljava/lang/Object; @ 16
Event: 2.876 Thread 0x0000000002839800 Uncommon trap: reason=unreached action=reinterpret pc=0x000000000f159a60 method=java.util.LinkedList.linkLast(Ljava/lang/Object;)V @ 22
Event: 2.876 Thread 0x0000000002839800 Uncommon trap: reason=unreached action=reinterpret pc=0x000000000f15a014 method=java.util.LinkedList.linkLast(Ljava/lang/Object;)V @ 22
Event: 3.587 Thread 0x0000000002839800 Uncommon trap: reason=unreached action=reinterpret pc=0x000000000f19a0e8 method=org.cloudbus.cloudsim.DatacenterBroker.submitCloudlets()V @ 421

Internal exceptions (10 events):
Event: 0.391 Thread 0x0000000002839800 Exception <a 'java/security/PrivilegedActionException'> (0x00000000d5f89bd0) thrown at [C:\workspace\8-2-build-windows-amd64-cygwin\jdk8u31\2394\hotspot\src\share\vm\prims\jvm.cpp, line 1312]
Event: 0.391 Thread 0x0000000002839800 Exception <a 'java/security/PrivilegedActionException'> (0x00000000d5f8b5e8) thrown at [C:\workspace\8-2-build-windows-amd64-cygwin\jdk8u31\2394\hotspot\src\share\vm\prims\jvm.cpp, line 1312]
Event: 0.395 Thread 0x0000000002839800 Exception <a 'java/security/PrivilegedActionException'> (0x00000000d5f98108) thrown at [C:\workspace\8-2-build-windows-amd64-cygwin\jdk8u31\2394\hotspot\src\share\vm\prims\jvm.cpp, line 1312]
Event: 2.873 Thread 0x0000000002839800 Exception <a 'java/security/PrivilegedActionException'> (0x00000000d9e56630) thrown at [C:\workspace\8-2-build-windows-amd64-cygwin\jdk8u31\2394\hotspot\src\share\vm\prims\jvm.cpp, line 1312]
Event: 2.874 Thread 0x0000000002839800 Exception <a 'java/security/PrivilegedActionException'> (0x00000000d9e5a2f8) thrown at [C:\workspace\8-2-build-windows-amd64-cygwin\jdk8u31\2394\hotspot\src\share\vm\prims\jvm.cpp, line 1312]
Event: 2.876 Thread 0x0000000002839800 Implicit null exception at 0x000000000f159a0c to 0x000000000f159a4a
Event: 2.876 Thread 0x0000000002839800 Implicit null exception at 0x000000000f159fbc to 0x000000000f159ff6
Event: 2.878 Thread 0x0000000002839800 Exception <a 'java/security/PrivilegedActionException'> (0x00000000d9e61538) thrown at [C:\workspace\8-2-build-windows-amd64-cygwin\jdk8u31\2394\hotspot\src\share\vm\prims\jvm.cpp, line 1312]
Event: 2.879 Thread 0x0000000002839800 Exception <a 'java/security/PrivilegedActionException'> (0x00000000d9e64150) thrown at [C:\workspace\8-2-build-windows-amd64-cygwin\jdk8u31\2394\hotspot\src\share\vm\prims\jvm.cpp, line 1312]
Event: 2.880 Thread 0x0000000002839800 Exception <a 'java/security/PrivilegedActionException'> (0x00000000d9e6bf00) thrown at [C:\workspace\8-2-build-windows-amd64-cygwin\jdk8u31\2394\hotspot\src\share\vm\prims\jvm.cpp, line 1312]

Events (10 events):
Event: 1690.128 Executing VM operation: EnterInterpOnlyMode
Event: 1690.128 Executing VM operation: EnterInterpOnlyMode done
Event: 1690.128 Executing VM operation: ChangeSingleStep
Event: 1690.128 Executing VM operation: ChangeSingleStep done
Event: 1690.129 Executing VM operation: ChangeSingleStep
Event: 1690.129 Executing VM operation: ChangeSingleStep done
Event: 1712.037 Executing VM operation: RedefineClasses
Event: 1712.038 Executing VM operation: RedefineClasses done
Event: 2625.246 Executing VM operation: RedefineClasses
Event: 2625.247 Executing VM operation: RedefineClasses done


Dynamic libraries:
0x000000013f190000 - 0x000000013f1c4000 	C:\Program Files\Java\jre1.8.0_31\bin\javaw.exe
0x0000000076cb0000 - 0x0000000076e59000 	C:\windows\SYSTEM32\ntdll.dll
0x0000000076a90000 - 0x0000000076baf000 	C:\windows\system32\kernel32.dll
0x000007fefcc20000 - 0x000007fefcc8b000 	C:\windows\system32\KERNELBASE.dll
0x000007fefeec0000 - 0x000007fefef9b000 	C:\windows\system32\ADVAPI32.dll
0x000007fefe720000 - 0x000007fefe7bf000 	C:\windows\system32\msvcrt.dll
0x000007fefefa0000 - 0x000007fefefbf000 	C:\windows\SYSTEM32\sechost.dll
0x000007fefe8b0000 - 0x000007fefe9dd000 	C:\windows\system32\RPCRT4.dll
0x0000000076bb0000 - 0x0000000076caa000 	C:\windows\system32\USER32.dll
0x000007fefe7c0000 - 0x000007fefe827000 	C:\windows\system32\GDI32.dll
0x000007fefd3c0000 - 0x000007fefd3ce000 	C:\windows\system32\LPK.dll
0x000007fefed10000 - 0x000007fefedd9000 	C:\windows\system32\USP10.dll
0x000007fefb5b0000 - 0x000007fefb7a4000 	C:\windows\WinSxS\amd64_microsoft.windows.common-controls_6595b64144ccf1df_6.0.7601.17514_none_fa396087175ac9ac\COMCTL32.dll
0x000007fefede0000 - 0x000007fefee51000 	C:\windows\system32\SHLWAPI.dll
0x000007fefea40000 - 0x000007fefea6e000 	C:\windows\system32\IMM32.DLL
0x000007fefd080000 - 0x000007fefd189000 	C:\windows\system32\MSCTF.dll
0x000007fefc8e0000 - 0x000007fefc921000 	C:\windows\system32\nvinitx.dll
0x000000000f000000 - 0x000000000f006000 	C:\Program Files\NVIDIA Corporation\CoProcManager\_etoured.dll
0x000007fef9c90000 - 0x000007fef9ce6000 	C:\Program Files\NVIDIA Corporation\CoProcManager\nvd3d9wrapx.dll
0x000007fefea70000 - 0x000007fefec47000 	C:\windows\system32\SETUPAPI.dll
0x000007fefcd90000 - 0x000007fefcdc6000 	C:\windows\system32\CFGMGR32.dll
0x000007fefd8b0000 - 0x000007fefd987000 	C:\windows\system32\OLEAUT32.dll
0x000007fefd6a0000 - 0x000007fefd8a3000 	C:\windows\system32\ole32.dll
0x000007fefcc00000 - 0x000007fefcc1a000 	C:\windows\system32\DEVOBJ.dll
0x000007fef9b00000 - 0x000007fef9b3d000 	C:\Program Files\NVIDIA Corporation\CoProcManager\nvdxgiwrapx.dll
0x0000000079180000 - 0x0000000079252000 	C:\Program Files\Java\jre1.8.0_31\bin\msvcr100.dll
0x00000000029c0000 - 0x000000000321a000 	C:\Program Files\Java\jre1.8.0_31\bin\server\jvm.dll
0x000007fef86b0000 - 0x000007fef86b9000 	C:\windows\system32\WSOCK32.dll
0x000007fefe9f0000 - 0x000007fefea3d000 	C:\windows\system32\WS2_32.dll
0x000007fefe9e0000 - 0x000007fefe9e8000 	C:\windows\system32\NSI.dll
0x000007fefa4d0000 - 0x000007fefa50b000 	C:\windows\system32\WINMM.dll
0x0000000076e80000 - 0x0000000076e87000 	C:\windows\system32\PSAPI.DLL
0x000000006d820000 - 0x000000006d82f000 	C:\Program Files\Java\jre1.8.0_31\bin\verify.dll
0x00000000641c0000 - 0x00000000641e8000 	C:\Program Files\Java\jre1.8.0_31\bin\java.dll
0x0000000061fe0000 - 0x0000000062015000 	C:\Program Files\Java\jre1.8.0_31\bin\jdwp.dll
0x000000006d7e0000 - 0x000000006d7e8000 	C:\Program Files\Java\jre1.8.0_31\bin\npt.dll
0x0000000064200000 - 0x0000000064216000 	C:\Program Files\Java\jre1.8.0_31\bin\zip.dll
0x000007fefd990000 - 0x000007fefe718000 	C:\windows\system32\SHELL32.dll
0x000007fefca70000 - 0x000007fefca7f000 	C:\windows\system32\profapi.dll
0x0000000072bc0000 - 0x0000000072bc9000 	C:\Program Files\Java\jre1.8.0_31\bin\dt_socket.dll
0x0000000155600000 - 0x0000000155658000 	C:\Program Files (x86)\Microsoft Firewall Client 2004\FwcWsp64.dll
0x000007fefa510000 - 0x000007fefa525000 	C:\windows\system32\NLAapi.dll
0x000007fef88a0000 - 0x000007fef88b5000 	C:\windows\system32\napinsp.dll
0x000007fef8880000 - 0x000007fef8899000 	C:\windows\system32\pnrpnsp.dll
0x000007fefc1b0000 - 0x000007fefc205000 	C:\windows\System32\mswsock.dll
0x000007fefc040000 - 0x000007fefc09b000 	C:\windows\system32\DNSAPI.dll
0x000007fef8870000 - 0x000007fef887b000 	C:\windows\System32\winrnr.dll
0x000007fef8860000 - 0x000007fef8870000 	C:\windows\system32\wshbth.dll
0x000007fef7df0000 - 0x000007fef7e1e000 	C:\Program Files\Common Files\Microsoft Shared\Windows Live\WLIDNSP.DLL
0x000000006fc90000 - 0x000000006fcb6000 	C:\Program Files\Bonjour\mdnsNSP.dll
0x000007fef9cf0000 - 0x000007fef9d17000 	C:\windows\system32\Iphlpapi.DLL
0x000007fef9c80000 - 0x000007fef9c8b000 	C:\windows\system32\WINNSI.DLL
0x000007fefbb60000 - 0x000007fefbb67000 	C:\windows\System32\wshtcpip.dll
0x000007fef9a60000 - 0x000007fef9ab3000 	C:\windows\System32\fwpuclnt.dll
0x000007fef7490000 - 0x000007fef7498000 	C:\windows\system32\rasadhlp.dll
0x000007feef1d0000 - 0x000007feef2f5000 	C:\windows\system32\dbghelp.dll

VM Arguments:
jvm_args: -agentlib:jdwp=transport=dt_socket,suspend=y,address=localhost:62651 -Dfile.encoding=Cp1256 
java_command: EDoS.EDoS
java_class_path (initial): D:\Courses\Fourth Semester\Thesis\Simulation\EDoS\cloudsim-3.0.3\bin;D:\Courses\Fourth Semester\Thesis\Simulation\EDoS\cloudsim-3.0.3\jars\cloudsim-3.0.3.jar;D:\Courses\Fourth Semester\Thesis\Simulation\EDoS\cloudsim-3.0.3\jars\cloudsim-3.0.3-sources.jar;D:\Courses\Fourth Semester\Thesis\Simulation\EDoS\cloudsim-3.0.3\jars\cloudsim-examples-3.0.3.jar;D:\Courses\Fourth Semester\Thesis\Simulation\EDoS\cloudsim-3.0.3\jars\cloudsim-examples-3.0.3-sources.jar;D:\Courses\Fourth Semester\Thesis\Simulation\EDoS\cloudsim-3.0.3\jars\commons-math3-3.3.jar;D:\Courses\Fourth Semester\Thesis\Simulation\EDoS\cloudsim-3.0.3\jars\poi-3.11-20141221.jar;D:\Courses\Fourth Semester\Thesis\Simulation\EDoS\cloudsim-3.0.3\jars\poi-ooxml-3.11-20141221.jar;D:\Courses\Fourth Semester\Thesis\Simulation\EDoS\cloudsim-3.0.3\jars\mysql-connector-java-5.0.8-bin.jar
Launcher Type: SUN_STANDARD

Environment Variables:
USERNAME=lenovo
OS=Windows_NT
PROCESSOR_IDENTIFIER=Intel64 Family 6 Model 42 Stepping 7, GenuineIntel



---------------  S Y S T E M  ---------------

OS: Windows 7 , 64 bit Build 7601 Service Pack 1

CPU:total 8 (4 cores per cpu, 2 threads per core) family 6 model 42 stepping 7, cmov, cx8, fxsr, mmx, sse, sse2, sse3, ssse3, sse4.1, sse4.2, popcnt, avx, aes, clmul, ht, tsc, tscinvbit

Memory: 4k page, physical 8300688k(1078664k free), swap 19576604k(2516960k free)

vm_info: Java HotSpot(TM) 64-Bit Server VM (25.31-b07) for windows-amd64 JRE (1.8.0_31-b13), built on Dec 17 2014 21:00:28 by "java_re" with MS VC++ 10.0 (VS2010)

time: Fri Oct 23 16:58:35 2015
elapsed time: 2625 seconds (0d 0h 43m 45s)

