#
# A fatal error has been detected by the Java Runtime Environment:
#
#  EXCEPTION_ACCESS_VIOLATION (0xc0000005) at pc=0x0000000076d03290, pid=16356, tid=6460
#
# JRE version: Java(TM) SE Runtime Environment (8.0_31-b13) (build 1.8.0_31-b13)
# Java VM: Java HotSpot(TM) 64-Bit Server VM (25.31-b07 mixed mode windows-amd64 compressed oops)
# Problematic frame:
# C  [ntdll.dll+0x53290]
#
# Failed to write core dump. Minidumps are not enabled by default on client versions of Windows
#
# If you would like to submit a bug report, please visit:
#   http://bugreport.java.com/bugreport/crash.jsp
#

---------------  T H R E A D  ---------------

Current thread (0x000000000a130000):  JavaThread "JDWP Transport Listener: dt_socket" daemon [_thread_in_vm, id=6460, stack(0x000000000c2d0000,0x000000000c3d0000)]

siginfo: ExceptionCode=0xc0000005, reading address 0x00000d946568efe8

Registers:
RAX=0x000000000d912c68, RBX=0x00000d946568efe0, RCX=0x000000ffffffffff, RDX=0x000000000d10c5f0
RSP=0x000000000c3cf590, RBP=0x0000000000000000, RSI=0x0000000002820000, RDI=0x000000000d10c600
R8 =0x000000000d10c600, R9 =0x0000000000000700, R10=0x6c632f7375626475, R11=0x000000000d0b95a7
R12=0x0000000000000000, R13=0x000000000a135f28, R14=0x0000000000000000, R15=0x0000000000000000
RIP=0x0000000076d03290, EFLAGS=0x0000000000010202

Top of Stack: (sp=0x000000000c3cf590)
0x000000000c3cf590:   000000000a135b80 00000000703ed11b
0x000000000c3cf5a0:   0000000000000000 0000000000000001
0x000000000c3cf5b0:   000000000c3cf740 0000000008b8b1c8
0x000000000c3cf5c0:   0000000000000000 00000000704a20ad
0x000000000c3cf5d0:   0000000000000000 0000000000000000
0x000000000c3cf5e0:   000000000a135f28 0000000000000000
0x000000000c3cf5f0:   000000000282aa00 000000000d10c600
0x000000000c3cf600:   000000000c3cf770 0000000076ab300a
0x000000000c3cf610:   000000000a130000 000000000a130000
0x000000000c3cf620:   000000000a135f28 0000000070515e4a
0x000000000c3cf630:   0000000000000000 0000000079508d94
0x000000000c3cf640:   000000000d0b9550 000000006d272865
0x000000000c3cf650:   0000000000000000 0000000000000013
0x000000000c3cf660:   000000000a130000 00000000704a20d9
0x000000000c3cf670:   000000000a130000 000000006d269149
0x000000000c3cf680:   000000000a130000 000000000a130000 

Instructions: (pc=0x0000000076d03290)
0x0000000076d03270:   ff ff 00 00 00 48 33 de 48 23 c1 48 c1 eb 04 48
0x0000000076d03280:   33 d8 48 33 1d 3f f1 0d 00 48 c1 e3 04 0f 0d 0b
0x0000000076d03290:   4c 8b 63 08 49 bd 01 00 00 00 01 00 00 00 49 be
0x0000000076d032a0:   ff 7f 00 00 ff ff ff ff c6 42 0f 80 c6 42 0e 00 


Register to memory mapping:

RAX=0x000000000d912c68 is an unknown value
RBX=0x00000d946568efe0 is an unknown value
RCX=0x000000ffffffffff is an unknown value
RDX=0x000000000d10c5f0 is an unknown value
RSP=0x000000000c3cf590 is pointing into the stack for thread: 0x000000000a130000
RBP=0x0000000000000000 is an unknown value
RSI=0x0000000002820000 is an unknown value
RDI=0x000000000d10c600 is an unknown value
R8 =0x000000000d10c600 is an unknown value
R9 =0x0000000000000700 is an unknown value
R10=0x6c632f7375626475 is an unknown value
R11=0x000000000d0b95a7 is an unknown value
R12=0x0000000000000000 is an unknown value
R13=0x000000000a135f28 is an unknown value
R14=0x0000000000000000 is an unknown value
R15=0x0000000000000000 is an unknown value


Stack: [0x000000000c2d0000,0x000000000c3d0000],  sp=0x000000000c3cf590,  free space=1021k
Native frames: (J=compiled Java code, j=interpreted, Vv=VM code, C=native code)


---------------  P R O C E S S  ---------------

Java Threads: ( => current thread )
  0x000000000d059000 JavaThread "MySQL Statement Cancellation Timer" daemon [_thread_blocked, id=26096, stack(0x000000000cd00000,0x000000000ce00000)]
  0x000000000a1d0800 JavaThread "Service Thread" daemon [_thread_blocked, id=10920, stack(0x000000000ce10000,0x000000000cf10000)]
  0x000000000a19c000 JavaThread "C1 CompilerThread3" daemon [_thread_blocked, id=27612, stack(0x000000000cbf0000,0x000000000ccf0000)]
  0x000000000a193800 JavaThread "C2 CompilerThread2" daemon [_thread_blocked, id=10416, stack(0x000000000c930000,0x000000000ca30000)]
  0x000000000a156000 JavaThread "C2 CompilerThread1" daemon [_thread_blocked, id=24784, stack(0x000000000c7b0000,0x000000000c8b0000)]
  0x000000000a14b800 JavaThread "C2 CompilerThread0" daemon [_thread_blocked, id=14132, stack(0x000000000c1a0000,0x000000000c2a0000)]
  0x000000000a145800 JavaThread "JDWP Command Reader" daemon [_thread_in_native, id=18628, stack(0x000000000c640000,0x000000000c740000)]
  0x000000000a139000 JavaThread "JDWP Event Helper Thread" daemon [_thread_blocked, id=27228, stack(0x000000000c460000,0x000000000c560000)]
=>0x000000000a130000 JavaThread "JDWP Transport Listener: dt_socket" daemon [_thread_in_vm, id=6460, stack(0x000000000c2d0000,0x000000000c3d0000)]
  0x000000000a121800 JavaThread "Attach Listener" daemon [_thread_blocked, id=2832, stack(0x000000000b5c0000,0x000000000b6c0000)]
  0x000000000a12c800 JavaThread "Signal Dispatcher" daemon [_thread_blocked, id=7896, stack(0x000000000b460000,0x000000000b560000)]
  0x0000000008f4c800 JavaThread "Finalizer" daemon [_thread_blocked, id=25668, stack(0x000000000b2e0000,0x000000000b3e0000)]
  0x0000000008f45000 JavaThread "Reference Handler" daemon [_thread_blocked, id=11060, stack(0x000000000b1c0000,0x000000000b2c0000)]
  0x00000000026d9800 JavaThread "main" [_thread_blocked, id=25740, stack(0x0000000002830000,0x0000000002930000)]

Other Threads:
  0x0000000008f40800 VMThread [stack: 0x000000000b010000,0x000000000b110000] [id=22996]
  0x000000000a1d1000 WatcherThread [stack: 0x000000000cf20000,0x000000000d020000] [id=12860]

VM state:not at safepoint (normal execution)

VM Mutex/Monitor currently owned by a thread: None

Heap:
 PSYoungGen      total 71680K, used 9659K [0x00000000d5c00000, 0x00000000de800000, 0x0000000100000000)
  eden space 66560K, 6% used [0x00000000d5c00000,0x00000000d6076e10,0x00000000d9d00000)
  from space 5120K, 99% used [0x00000000d9d00000,0x00000000da1f8050,0x00000000da200000)
  to   space 5120K, 0% used [0x00000000de300000,0x00000000de300000,0x00000000de800000)
 ParOldGen       total 87552K, used 30420K [0x0000000081400000, 0x0000000086980000, 0x00000000d5c00000)
  object space 87552K, 34% used [0x0000000081400000,0x00000000831b5260,0x0000000086980000)
 Metaspace       used 6865K, capacity 6998K, committed 7040K, reserved 1056768K
  class space    used 603K, capacity 627K, committed 640K, reserved 1048576K

Card table byte_map: [0x0000000003090000,0x0000000003490000] byte_map_base: 0x0000000002c86000

Marking Bits: (ParMarkBitMap*) 0x0000000070aed4f0
 Begin Bits: [0x0000000004200000, 0x00000000061b0000)
 End Bits:   [0x00000000061b0000, 0x0000000008160000)

Polling page: 0x0000000000430000

CodeCache: size=245760Kb used=4730Kb max_used=4745Kb free=241029Kb
 bounds [0x000000000f010000, 0x000000000f4c0000, 0x000000001e010000]
 total_blobs=1362 nmethods=1016 adapters=268
 compilation: enabled

Compilation events (10 events):
Event: 2.712 Thread 0x000000000a19c000 1013       3       java.net.AbstractPlainSocketImpl::finalize (5 bytes)
Event: 2.712 Thread 0x000000000a19c000 nmethod 1013 0x000000000f4af810 code [0x000000000f4af980, 0x000000000f4afba8]
Event: 2.712 Thread 0x000000000a19c000 1014       3       com.mysql.jdbc.Connection::finalize (6 bytes)
Event: 2.712 Thread 0x000000000a19c000 nmethod 1014 0x000000000f4afc50 code [0x000000000f4afdc0, 0x000000000f4aff68]
Event: 2.712 Thread 0x000000000a19c000 1015   !   3       com.mysql.jdbc.Connection::cleanup (49 bytes)
Event: 2.712 Thread 0x000000000a19c000 nmethod 1015 0x000000000f4b0010 code [0x000000000f4b01a0, 0x000000000f4b0558]
Event: 2.712 Thread 0x000000000a19c000 1016       1       java.lang.ref.Reference::access$100 (4 bytes)
Event: 2.712 Thread 0x000000000a19c000 nmethod 1016 0x000000000f4b06d0 code [0x000000000f4b0820, 0x000000000f4b0910]
Event: 2.747 Thread 0x000000000a156000 1017       4       java.lang.Integer::parseInt (261 bytes)
Event: 2.760 Thread 0x000000000a156000 nmethod 1017 0x000000000f4b4410 code [0x000000000f4b4600, 0x000000000f4b5430]

GC Heap History (6 events):
Event: 1.035 GC heap before
{Heap before GC invocations=1 (full 0):
 PSYoungGen      total 38400K, used 33280K [0x00000000d5c00000, 0x00000000d8680000, 0x0000000100000000)
  eden space 33280K, 100% used [0x00000000d5c00000,0x00000000d7c80000,0x00000000d7c80000)
  from space 5120K, 0% used [0x00000000d8180000,0x00000000d8180000,0x00000000d8680000)
  to   space 5120K, 0% used [0x00000000d7c80000,0x00000000d7c80000,0x00000000d8180000)
 ParOldGen       total 87552K, used 0K [0x0000000081400000, 0x0000000086980000, 0x00000000d5c00000)
  object space 87552K, 0% used [0x0000000081400000,0x0000000081400000,0x0000000086980000)
 Metaspace       used 6324K, capacity 6422K, committed 6528K, reserved 1056768K
  class space    used 594K, capacity 627K, committed 640K, reserved 1048576K
Event: 1.060 GC heap after
Heap after GC invocations=1 (full 0):
 PSYoungGen      total 38400K, used 5117K [0x00000000d5c00000, 0x00000000da700000, 0x0000000100000000)
  eden space 33280K, 0% used [0x00000000d5c00000,0x00000000d5c00000,0x00000000d7c80000)
  from space 5120K, 99% used [0x00000000d7c80000,0x00000000d817f788,0x00000000d8180000)
  to   space 5120K, 0% used [0x00000000da200000,0x00000000da200000,0x00000000da700000)
 ParOldGen       total 87552K, used 5124K [0x0000000081400000, 0x0000000086980000, 0x00000000d5c00000)
  object space 87552K, 5% used [0x0000000081400000,0x0000000081901310,0x0000000086980000)
 Metaspace       used 6324K, capacity 6422K, committed 6528K, reserved 1056768K
  class space    used 594K, capacity 627K, committed 640K, reserved 1048576K
}
Event: 1.592 GC heap before
{Heap before GC invocations=2 (full 0):
 PSYoungGen      total 38400K, used 38397K [0x00000000d5c00000, 0x00000000da700000, 0x0000000100000000)
  eden space 33280K, 100% used [0x00000000d5c00000,0x00000000d7c80000,0x00000000d7c80000)
  from space 5120K, 99% used [0x00000000d7c80000,0x00000000d817f788,0x00000000d8180000)
  to   space 5120K, 0% used [0x00000000da200000,0x00000000da200000,0x00000000da700000)
 ParOldGen       total 87552K, used 5124K [0x0000000081400000, 0x0000000086980000, 0x00000000d5c00000)
  object space 87552K, 5% used [0x0000000081400000,0x0000000081901310,0x0000000086980000)
 Metaspace       used 6484K, capacity 6550K, committed 6784K, reserved 1056768K
  class space    used 594K, capacity 627K, committed 640K, reserved 1048576K
Event: 1.622 GC heap after
Heap after GC invocations=2 (full 0):
 PSYoungGen      total 71680K, used 5088K [0x00000000d5c00000, 0x00000000da700000, 0x0000000100000000)
  eden space 66560K, 0% used [0x00000000d5c00000,0x00000000d5c00000,0x00000000d9d00000)
  from space 5120K, 99% used [0x00000000da200000,0x00000000da6f8050,0x00000000da700000)
  to   space 5120K, 0% used [0x00000000d9d00000,0x00000000d9d00000,0x00000000da200000)
 ParOldGen       total 87552K, used 12429K [0x0000000081400000, 0x0000000086980000, 0x00000000d5c00000)
  object space 87552K, 14% used [0x0000000081400000,0x0000000082023770,0x0000000086980000)
 Metaspace       used 6484K, capacity 6550K, committed 6784K, reserved 1056768K
  class space    used 594K, capacity 627K, committed 640K, reserved 1048576K
}
Event: 2.653 GC heap before
{Heap before GC invocations=3 (full 0):
 PSYoungGen      total 71680K, used 71648K [0x00000000d5c00000, 0x00000000da700000, 0x0000000100000000)
  eden space 66560K, 100% used [0x00000000d5c00000,0x00000000d9d00000,0x00000000d9d00000)
  from space 5120K, 99% used [0x00000000da200000,0x00000000da6f8050,0x00000000da700000)
  to   space 5120K, 0% used [0x00000000d9d00000,0x00000000d9d00000,0x00000000da200000)
 ParOldGen       total 87552K, used 12429K [0x0000000081400000, 0x0000000086980000, 0x00000000d5c00000)
  object space 87552K, 14% used [0x0000000081400000,0x0000000082023770,0x0000000086980000)
 Metaspace       used 6682K, capacity 6806K, committed 7040K, reserved 1056768K
  class space    used 594K, capacity 627K, committed 640K, reserved 1048576K
Event: 2.711 GC heap after
Heap after GC invocations=3 (full 0):
 PSYoungGen      total 71680K, used 5088K [0x00000000d5c00000, 0x00000000de800000, 0x0000000100000000)
  eden space 66560K, 0% used [0x00000000d5c00000,0x00000000d5c00000,0x00000000d9d00000)
  from space 5120K, 99% used [0x00000000d9d00000,0x00000000da1f8050,0x00000000da200000)
  to   space 5120K, 0% used [0x00000000de300000,0x00000000de300000,0x00000000de800000)
 ParOldGen       total 87552K, used 30420K [0x0000000081400000, 0x0000000086980000, 0x00000000d5c00000)
  object space 87552K, 34% used [0x0000000081400000,0x00000000831b5260,0x0000000086980000)
 Metaspace       used 6682K, capacity 6806K, committed 7040K, reserved 1056768K
  class space    used 594K, capacity 627K, committed 640K, reserved 1048576K
}

Deoptimization events (10 events):
Event: 2.712 Thread 0x00000000026d9800 Uncommon trap: reason=unhandled action=none pc=0x000000000f428104 method=java.lang.Integer.parseInt(Ljava/lang/String;I)I @ 204
Event: 2.717 Thread 0x00000000026d9800 Uncommon trap: reason=unhandled action=none pc=0x000000000f428104 method=java.lang.Integer.parseInt(Ljava/lang/String;I)I @ 204
Event: 2.723 Thread 0x00000000026d9800 Uncommon trap: reason=unhandled action=none pc=0x000000000f428104 method=java.lang.Integer.parseInt(Ljava/lang/String;I)I @ 204
Event: 2.728 Thread 0x00000000026d9800 Uncommon trap: reason=unhandled action=none pc=0x000000000f428104 method=java.lang.Integer.parseInt(Ljava/lang/String;I)I @ 204
Event: 2.733 Thread 0x00000000026d9800 Uncommon trap: reason=unhandled action=none pc=0x000000000f428104 method=java.lang.Integer.parseInt(Ljava/lang/String;I)I @ 204
Event: 2.737 Thread 0x00000000026d9800 Uncommon trap: reason=unhandled action=none pc=0x000000000f428104 method=java.lang.Integer.parseInt(Ljava/lang/String;I)I @ 204
Event: 2.742 Thread 0x00000000026d9800 Uncommon trap: reason=unhandled action=none pc=0x000000000f428104 method=java.lang.Integer.parseInt(Ljava/lang/String;I)I @ 204
Event: 2.747 Thread 0x00000000026d9800 Uncommon trap: reason=unhandled action=none pc=0x000000000f428104 method=java.lang.Integer.parseInt(Ljava/lang/String;I)I @ 204
Event: 2.751 Thread 0x00000000026d9800 Uncommon trap: reason=unhandled action=none pc=0x000000000f428104 method=java.lang.Integer.parseInt(Ljava/lang/String;I)I @ 204
Event: 2.754 Thread 0x00000000026d9800 Uncommon trap: reason=predicate action=maybe_recompile pc=0x000000000f22fb44 method=java.util.TreeMap.put(Ljava/lang/Object;Ljava/lang/Object;)Ljava/lang/Object; @ 132

Internal exceptions (10 events):
Event: 0.515 Thread 0x00000000026d9800 Exception <a 'java/security/PrivilegedActionException'> (0x00000000d6381908) thrown at [C:\workspace\8-2-build-windows-amd64-cygwin\jdk8u31\2394\hotspot\src\share\vm\prims\jvm.cpp, line 1312]
Event: 0.515 Thread 0x00000000026d9800 Exception <a 'java/security/PrivilegedActionException'> (0x00000000d63860c8) thrown at [C:\workspace\8-2-build-windows-amd64-cygwin\jdk8u31\2394\hotspot\src\share\vm\prims\jvm.cpp, line 1312]
Event: 0.516 Thread 0x00000000026d9800 Exception <a 'java/security/PrivilegedActionException'> (0x00000000d638a208) thrown at [C:\workspace\8-2-build-windows-amd64-cygwin\jdk8u31\2394\hotspot\src\share\vm\prims\jvm.cpp, line 1312]
Event: 0.528 Thread 0x00000000026d9800 Exception <a 'java/security/PrivilegedActionException'> (0x00000000d639cb98) thrown at [C:\workspace\8-2-build-windows-amd64-cygwin\jdk8u31\2394\hotspot\src\share\vm\prims\jvm.cpp, line 1312]
Event: 0.530 Thread 0x00000000026d9800 Exception <a 'java/security/PrivilegedActionException'> (0x00000000d63a41c0) thrown at [C:\workspace\8-2-build-windows-amd64-cygwin\jdk8u31\2394\hotspot\src\share\vm\prims\jvm.cpp, line 1312]
Event: 0.534 Thread 0x00000000026d9800 Exception <a 'java/security/PrivilegedActionException'> (0x00000000d63db1f0) thrown at [C:\workspace\8-2-build-windows-amd64-cygwin\jdk8u31\2394\hotspot\src\share\vm\prims\jvm.cpp, line 1312]
Event: 2.753 Thread 0x00000000026d9800 Exception <a 'java/security/PrivilegedActionException'> (0x00000000d5e7e990) thrown at [C:\workspace\8-2-build-windows-amd64-cygwin\jdk8u31\2394\hotspot\src\share\vm\prims\jvm.cpp, line 1312]
Event: 2.753 Thread 0x00000000026d9800 Exception <a 'java/security/PrivilegedActionException'> (0x00000000d5e82658) thrown at [C:\workspace\8-2-build-windows-amd64-cygwin\jdk8u31\2394\hotspot\src\share\vm\prims\jvm.cpp, line 1312]
Event: 2.755 Thread 0x00000000026d9800 Exception <a 'java/security/PrivilegedActionException'> (0x00000000d5e89158) thrown at [C:\workspace\8-2-build-windows-amd64-cygwin\jdk8u31\2394\hotspot\src\share\vm\prims\jvm.cpp, line 1312]
Event: 2.756 Thread 0x00000000026d9800 Exception <a 'java/security/PrivilegedActionException'> (0x00000000d5e8d988) thrown at [C:\workspace\8-2-build-windows-amd64-cygwin\jdk8u31\2394\hotspot\src\share\vm\prims\jvm.cpp, line 1312]

Events (10 events):
Event: 3597.286 Executing VM operation: GetOrSetLocal
Event: 3597.287 Executing VM operation: GetOrSetLocal done
Event: 3597.356 Executing VM operation: GetOrSetLocal
Event: 3597.356 Executing VM operation: GetOrSetLocal done
Event: 3597.357 Executing VM operation: GetOrSetLocal
Event: 3597.357 Executing VM operation: GetOrSetLocal done
Event: 3648.004 Executing VM operation: ChangeBreakpoints
Event: 3648.005 Executing VM operation: ChangeBreakpoints done
Event: 9121.153 Executing VM operation: RedefineClasses
Event: 9121.161 Executing VM operation: RedefineClasses done


Dynamic libraries:
0x000000013f7c0000 - 0x000000013f7f4000 	C:\Program Files\Java\jre1.8.0_31\bin\javaw.exe
0x0000000076cb0000 - 0x0000000076e59000 	C:\windows\SYSTEM32\ntdll.dll
0x0000000076a90000 - 0x0000000076baf000 	C:\windows\system32\kernel32.dll
0x000007fefcc20000 - 0x000007fefcc8b000 	C:\windows\system32\KERNELBASE.dll
0x000007fefeec0000 - 0x000007fefef9b000 	C:\windows\system32\ADVAPI32.dll
0x000007fefe720000 - 0x000007fefe7bf000 	C:\windows\system32\msvcrt.dll
0x000007fefefa0000 - 0x000007fefefbf000 	C:\windows\SYSTEM32\sechost.dll
0x000007fefe8b0000 - 0x000007fefe9dd000 	C:\windows\system32\RPCRT4.dll
0x0000000076bb0000 - 0x0000000076caa000 	C:\windows\system32\USER32.dll
0x000007fefe7c0000 - 0x000007fefe827000 	C:\windows\system32\GDI32.dll
0x000007fefd3c0000 - 0x000007fefd3ce000 	C:\windows\system32\LPK.dll
0x000007fefed10000 - 0x000007fefedd9000 	C:\windows\system32\USP10.dll
0x000007fefb5b0000 - 0x000007fefb7a4000 	C:\windows\WinSxS\amd64_microsoft.windows.common-controls_6595b64144ccf1df_6.0.7601.17514_none_fa396087175ac9ac\COMCTL32.dll
0x000007fefede0000 - 0x000007fefee51000 	C:\windows\system32\SHLWAPI.dll
0x000007fefea40000 - 0x000007fefea6e000 	C:\windows\system32\IMM32.DLL
0x000007fefd080000 - 0x000007fefd189000 	C:\windows\system32\MSCTF.dll
0x000007fefc8e0000 - 0x000007fefc921000 	C:\windows\system32\nvinitx.dll
0x000000000f000000 - 0x000000000f006000 	C:\Program Files\NVIDIA Corporation\CoProcManager\_etoured.dll
0x000007fef9c90000 - 0x000007fef9ce6000 	C:\Program Files\NVIDIA Corporation\CoProcManager\nvd3d9wrapx.dll
0x000007fefea70000 - 0x000007fefec47000 	C:\windows\system32\SETUPAPI.dll
0x000007fefcd90000 - 0x000007fefcdc6000 	C:\windows\system32\CFGMGR32.dll
0x000007fefd8b0000 - 0x000007fefd987000 	C:\windows\system32\OLEAUT32.dll
0x000007fefd6a0000 - 0x000007fefd8a3000 	C:\windows\system32\ole32.dll
0x000007fefcc00000 - 0x000007fefcc1a000 	C:\windows\system32\DEVOBJ.dll
0x000007fef9b00000 - 0x000007fef9b3d000 	C:\Program Files\NVIDIA Corporation\CoProcManager\nvdxgiwrapx.dll
0x00000000794a0000 - 0x0000000079572000 	C:\Program Files\Java\jre1.8.0_31\bin\msvcr100.dll
0x0000000070310000 - 0x0000000070b6a000 	C:\Program Files\Java\jre1.8.0_31\bin\server\jvm.dll
0x000007fef86b0000 - 0x000007fef86b9000 	C:\windows\system32\WSOCK32.dll
0x000007fefe9f0000 - 0x000007fefea3d000 	C:\windows\system32\WS2_32.dll
0x000007fefe9e0000 - 0x000007fefe9e8000 	C:\windows\system32\NSI.dll
0x000007fefa4d0000 - 0x000007fefa50b000 	C:\windows\system32\WINMM.dll
0x0000000076e80000 - 0x0000000076e87000 	C:\windows\system32\PSAPI.DLL
0x000000005c240000 - 0x000000005c24f000 	C:\Program Files\Java\jre1.8.0_31\bin\verify.dll
0x000000006d3e0000 - 0x000000006d408000 	C:\Program Files\Java\jre1.8.0_31\bin\java.dll
0x000000006d250000 - 0x000000006d285000 	C:\Program Files\Java\jre1.8.0_31\bin\jdwp.dll
0x0000000070210000 - 0x0000000070218000 	C:\Program Files\Java\jre1.8.0_31\bin\npt.dll
0x0000000001cd0000 - 0x0000000001ce6000 	C:\Program Files\Java\jre1.8.0_31\bin\zip.dll
0x000007fefd990000 - 0x000007fefe718000 	C:\windows\system32\SHELL32.dll
0x000007fefca70000 - 0x000007fefca7f000 	C:\windows\system32\profapi.dll
0x000000006c910000 - 0x000000006c919000 	C:\Program Files\Java\jre1.8.0_31\bin\dt_socket.dll
0x0000000001d20000 - 0x0000000001d78000 	C:\Program Files (x86)\Microsoft Firewall Client 2004\FwcWsp64.dll
0x000007fefa510000 - 0x000007fefa525000 	C:\windows\system32\NLAapi.dll
0x000007fef88a0000 - 0x000007fef88b5000 	C:\windows\system32\napinsp.dll
0x000007fef8880000 - 0x000007fef8899000 	C:\windows\system32\pnrpnsp.dll
0x000007fefc1b0000 - 0x000007fefc205000 	C:\windows\System32\mswsock.dll
0x000007fefc040000 - 0x000007fefc09b000 	C:\windows\system32\DNSAPI.dll
0x000007fef8870000 - 0x000007fef887b000 	C:\windows\System32\winrnr.dll
0x000007fef8860000 - 0x000007fef8870000 	C:\windows\system32\wshbth.dll
0x000007fef7df0000 - 0x000007fef7e1e000 	C:\Program Files\Common Files\Microsoft Shared\Windows Live\WLIDNSP.DLL
0x000000006fc90000 - 0x000000006fcb6000 	C:\Program Files\Bonjour\mdnsNSP.dll
0x000007fef9cf0000 - 0x000007fef9d17000 	C:\windows\system32\Iphlpapi.DLL
0x000007fef9c80000 - 0x000007fef9c8b000 	C:\windows\system32\WINNSI.DLL
0x000007fefbb60000 - 0x000007fefbb67000 	C:\windows\System32\wshtcpip.dll
0x000007fef9a60000 - 0x000007fef9ab3000 	C:\windows\System32\fwpuclnt.dll
0x000007fef7490000 - 0x000007fef7498000 	C:\windows\system32\rasadhlp.dll
0x000000006f8f0000 - 0x000000006f90a000 	C:\Program Files\Java\jre1.8.0_31\bin\net.dll
0x000007fefc3e0000 - 0x000007fefc3e7000 	C:\windows\System32\wship6.dll
0x000007feef1d0000 - 0x000007feef2f5000 	C:\windows\system32\dbghelp.dll

VM Arguments:
jvm_args: -agentlib:jdwp=transport=dt_socket,suspend=y,address=localhost:51603 -Dfile.encoding=Cp1256 
java_command: EDoS.EDoS
java_class_path (initial): D:\Courses\Fourth Semester\Thesis\Simulation\EDoS\cloudsim-3.0.3\bin;D:\Courses\Fourth Semester\Thesis\Simulation\EDoS\cloudsim-3.0.3\jars\cloudsim-3.0.3.jar;D:\Courses\Fourth Semester\Thesis\Simulation\EDoS\cloudsim-3.0.3\jars\cloudsim-3.0.3-sources.jar;D:\Courses\Fourth Semester\Thesis\Simulation\EDoS\cloudsim-3.0.3\jars\cloudsim-examples-3.0.3.jar;D:\Courses\Fourth Semester\Thesis\Simulation\EDoS\cloudsim-3.0.3\jars\cloudsim-examples-3.0.3-sources.jar;D:\Courses\Fourth Semester\Thesis\Simulation\EDoS\cloudsim-3.0.3\jars\commons-math3-3.3.jar;D:\Courses\Fourth Semester\Thesis\Simulation\EDoS\cloudsim-3.0.3\jars\poi-3.11-20141221.jar;D:\Courses\Fourth Semester\Thesis\Simulation\EDoS\cloudsim-3.0.3\jars\poi-ooxml-3.11-20141221.jar;D:\Courses\Fourth Semester\Thesis\Simulation\EDoS\cloudsim-3.0.3\jars\mysql-connector-java-5.0.8-bin.jar
Launcher Type: SUN_STANDARD

Environment Variables:
USERNAME=lenovo
OS=Windows_NT
PROCESSOR_IDENTIFIER=Intel64 Family 6 Model 42 Stepping 7, GenuineIntel



---------------  S Y S T E M  ---------------

OS: Windows 7 , 64 bit Build 7601 Service Pack 1

CPU:total 8 (4 cores per cpu, 2 threads per core) family 6 model 42 stepping 7, cmov, cx8, fxsr, mmx, sse, sse2, sse3, ssse3, sse4.1, sse4.2, popcnt, avx, aes, clmul, ht, tsc, tscinvbit

Memory: 4k page, physical 8300688k(1148416k free), swap 16843608k(3489680k free)

vm_info: Java HotSpot(TM) 64-Bit Server VM (25.31-b07) for windows-amd64 JRE (1.8.0_31-b13), built on Dec 17 2014 21:00:28 by "java_re" with MS VC++ 10.0 (VS2010)

time: Mon Oct 19 05:50:12 2015
elapsed time: 9121 seconds (0d 2h 32m 1s)

