#
# A fatal error has been detected by the Java Runtime Environment:
#
#  EXCEPTION_ACCESS_VIOLATION (0xc0000005) at pc=0x0000000076d03290, pid=27564, tid=25640
#
# JRE version: Java(TM) SE Runtime Environment (8.0_31-b13) (build 1.8.0_31-b13)
# Java VM: Java HotSpot(TM) 64-Bit Server VM (25.31-b07 mixed mode windows-amd64 compressed oops)
# Problematic frame:
# C  [ntdll.dll+0x53290]
#
# Failed to write core dump. Minidumps are not enabled by default on client versions of Windows
#
# If you would like to submit a bug report, please visit:
#   http://bugreport.java.com/bugreport/crash.jsp
#

---------------  T H R E A D  ---------------

Current thread (0x0000000009f9f800):  JavaThread "JDWP Transport Listener: dt_socket" daemon [_thread_in_vm, id=25640, stack(0x000000000c1a0000,0x000000000c2a0000)]

siginfo: ExceptionCode=0xc0000005, reading address 0x000002f44fea4e18

Registers:
RAX=0x000000000d1cafd8, RBX=0x000002f44fea4e10, RCX=0x000000ffffffffff, RDX=0x000000000d1ae2b0
RSP=0x000000000c29f630, RBP=0x0000000000000000, RSI=0x00000000027d0000, RDI=0x000000000d1ae2c0
R8 =0x000000000d1ae2c0, R9 =0x0000000000000700, R10=0x6c632f7375626475, R11=0x000000000d0ac237
R12=0x0000000000000000, R13=0x0000000009fa6cd8, R14=0x0000000000000000, R15=0x0000000000000000
RIP=0x0000000076d03290, EFLAGS=0x0000000000010202

Top of Stack: (sp=0x000000000c29f630)
0x000000000c29f630:   0000000009fa6930 00000000703ed11b
0x000000000c29f640:   0000000000000000 0000000000000001
0x000000000c29f650:   000000000c29f7e0 0000000008c1f580
0x000000000c29f660:   0000000000000000 00000000704a20ad
0x000000000c29f670:   0000000000000000 0000000000000000
0x000000000c29f680:   0000000009fa6cd8 0000000000000000
0x000000000c29f690:   00000000027daa00 000000000d1ae2c0
0x000000000c29f6a0:   000000000c29f810 0000000076ab300a
0x000000000c29f6b0:   0000000009f9f800 0000000009f9f800
0x000000000c29f6c0:   0000000009fa6cd8 0000000070515e4a
0x000000000c29f6d0:   0000000000000000 0000000079508d94
0x000000000c29f6e0:   000000000d0ac1e0 000000006d272865
0x000000000c29f6f0:   0000000000000000 0000000000000013
0x000000000c29f700:   0000000009f9f800 00000000704a20d9
0x000000000c29f710:   0000000009f9f800 000000006d269149
0x000000000c29f720:   0000000009f9f800 0000000009f9f800 

Instructions: (pc=0x0000000076d03290)
0x0000000076d03270:   ff ff 00 00 00 48 33 de 48 23 c1 48 c1 eb 04 48
0x0000000076d03280:   33 d8 48 33 1d 3f f1 0d 00 48 c1 e3 04 0f 0d 0b
0x0000000076d03290:   4c 8b 63 08 49 bd 01 00 00 00 01 00 00 00 49 be
0x0000000076d032a0:   ff 7f 00 00 ff ff ff ff c6 42 0f 80 c6 42 0e 00 


Register to memory mapping:

RAX=0x000000000d1cafd8 is an unknown value
RBX=0x000002f44fea4e10 is an unknown value
RCX=0x000000ffffffffff is an unknown value
RDX=0x000000000d1ae2b0 is an unknown value
RSP=0x000000000c29f630 is pointing into the stack for thread: 0x0000000009f9f800
RBP=0x0000000000000000 is an unknown value
RSI=0x00000000027d0000 is an unknown value
RDI=0x000000000d1ae2c0 is an unknown value
R8 =0x000000000d1ae2c0 is an unknown value
R9 =0x0000000000000700 is an unknown value
R10=0x6c632f7375626475 is an unknown value
R11=0x000000000d0ac237 is an unknown value
R12=0x0000000000000000 is an unknown value
R13=0x0000000009fa6cd8 is an unknown value
R14=0x0000000000000000 is an unknown value
R15=0x0000000000000000 is an unknown value


Stack: [0x000000000c1a0000,0x000000000c2a0000],  sp=0x000000000c29f630,  free space=1021k
Native frames: (J=compiled Java code, j=interpreted, Vv=VM code, C=native code)


---------------  P R O C E S S  ---------------

Java Threads: ( => current thread )
  0x000000000a2ce800 JavaThread "MySQL Statement Cancellation Timer" daemon [_thread_blocked, id=27328, stack(0x000000000d7d0000,0x000000000d8d0000)]
  0x000000000a041800 JavaThread "Service Thread" daemon [_thread_blocked, id=9432, stack(0x000000000ce50000,0x000000000cf50000)]
  0x000000000a00d800 JavaThread "C1 CompilerThread3" daemon [_thread_blocked, id=4872, stack(0x000000000cc90000,0x000000000cd90000)]
  0x000000000a004800 JavaThread "C2 CompilerThread2" daemon [_thread_blocked, id=7352, stack(0x000000000ca90000,0x000000000cb90000)]
  0x0000000009fc2800 JavaThread "C2 CompilerThread1" daemon [_thread_blocked, id=24484, stack(0x000000000c830000,0x000000000c930000)]
  0x0000000009fbd000 JavaThread "C2 CompilerThread0" daemon [_thread_blocked, id=19628, stack(0x000000000c640000,0x000000000c740000)]
  0x0000000009fac800 JavaThread "JDWP Command Reader" daemon [_thread_in_native, id=16192, stack(0x000000000c520000,0x000000000c620000)]
  0x0000000009fab800 JavaThread "JDWP Event Helper Thread" daemon [_thread_blocked, id=22024, stack(0x000000000c320000,0x000000000c420000)]
=>0x0000000009f9f800 JavaThread "JDWP Transport Listener: dt_socket" daemon [_thread_in_vm, id=25640, stack(0x000000000c1a0000,0x000000000c2a0000)]
  0x0000000009f92000 JavaThread "Attach Listener" daemon [_thread_blocked, id=7344, stack(0x000000000b4f0000,0x000000000b5f0000)]
  0x0000000009f91800 JavaThread "Signal Dispatcher" daemon [_thread_blocked, id=23824, stack(0x000000000b110000,0x000000000b210000)]
  0x0000000008fdd000 JavaThread "Finalizer" daemon [_thread_blocked, id=20772, stack(0x000000000b340000,0x000000000b440000)]
  0x0000000008fd5800 JavaThread "Reference Handler" daemon [_thread_blocked, id=13576, stack(0x000000000b240000,0x000000000b340000)]
  0x00000000026f9800 JavaThread "main" [_thread_blocked, id=13744, stack(0x0000000002920000,0x0000000002a20000)]

Other Threads:
  0x0000000008fd0800 VMThread [stack: 0x000000000aff0000,0x000000000b0f0000] [id=24248]
  0x000000000a044800 WatcherThread [stack: 0x000000000c990000,0x000000000ca90000] [id=13308]

VM state:not at safepoint (normal execution)

VM Mutex/Monitor currently owned by a thread: None

Heap:
 PSYoungGen      total 71680K, used 10936K [0x00000000d5c00000, 0x00000000de800000, 0x0000000100000000)
  eden space 66560K, 8% used [0x00000000d5c00000,0x00000000d61b2320,0x00000000d9d00000)
  from space 5120K, 99% used [0x00000000d9d00000,0x00000000da1fc040,0x00000000da200000)
  to   space 5120K, 0% used [0x00000000de300000,0x00000000de300000,0x00000000de800000)
 ParOldGen       total 87552K, used 29884K [0x0000000081400000, 0x0000000086980000, 0x00000000d5c00000)
  object space 87552K, 34% used [0x0000000081400000,0x000000008312f240,0x0000000086980000)
 Metaspace       used 6888K, capacity 6998K, committed 7040K, reserved 1056768K
  class space    used 603K, capacity 627K, committed 640K, reserved 1048576K

Card table byte_map: [0x00000000030b0000,0x00000000034b0000] byte_map_base: 0x0000000002ca6000

Marking Bits: (ParMarkBitMap*) 0x0000000070aed4f0
 Begin Bits: [0x0000000004290000, 0x0000000006240000)
 End Bits:   [0x0000000006240000, 0x00000000081f0000)

Polling page: 0x0000000000330000

CodeCache: size=245760Kb used=4890Kb max_used=4910Kb free=240869Kb
 bounds [0x000000000f010000, 0x000000000f4e0000, 0x000000001e010000]
 total_blobs=1379 nmethods=1033 adapters=268
 compilation: enabled

Compilation events (10 events):
Event: 2.761 Thread 0x000000000a00d800 nmethod 1030 0x000000000f4d5150 code [0x000000000f4d52a0, 0x000000000f4d53f0]
Event: 2.761 Thread 0x000000000a00d800 1031       3       sun.misc.FloatingDecimal$BinaryToASCIIBuffer::toJavaFormatString (23 bytes)
Event: 2.761 Thread 0x000000000a00d800 nmethod 1031 0x000000000f4d5450 code [0x000000000f4d55c0, 0x000000000f4d57f8]
Event: 2.761 Thread 0x000000000a00d800 1032       3       sun.misc.FloatingDecimal::getBinaryToASCIIConverter (6 bytes)
Event: 2.761 Thread 0x000000000a00d800 nmethod 1032 0x000000000f4d58d0 code [0x000000000f4d5a40, 0x000000000f4d5bc8]
Event: 2.761 Thread 0x000000000a00d800 1033       3       org.cloudbus.cloudsim.core.CloudSim::getIncomingRequestsRate (8 bytes)
Event: 2.761 Thread 0x000000000a00d800 nmethod 1033 0x000000000f4d5c50 code [0x000000000f4d5dc0, 0x000000000f4d5fd0]
Event: 2.761 Thread 0x000000000a00d800 1034       3       java.lang.StringBuilder::append (9 bytes)
Event: 2.762 Thread 0x000000000a00d800 nmethod 1034 0x000000000f4d6090 code [0x000000000f4d6220, 0x000000000f4d6618]
Event: 2.823 Thread 0x0000000009fc2800 nmethod 1010 0x000000000f4db550 code [0x000000000f4db780, 0x000000000f4dd878]

GC Heap History (6 events):
Event: 1.051 GC heap before
{Heap before GC invocations=1 (full 0):
 PSYoungGen      total 38400K, used 33280K [0x00000000d5c00000, 0x00000000d8680000, 0x0000000100000000)
  eden space 33280K, 100% used [0x00000000d5c00000,0x00000000d7c80000,0x00000000d7c80000)
  from space 5120K, 0% used [0x00000000d8180000,0x00000000d8180000,0x00000000d8680000)
  to   space 5120K, 0% used [0x00000000d7c80000,0x00000000d7c80000,0x00000000d8180000)
 ParOldGen       total 87552K, used 0K [0x0000000081400000, 0x0000000086980000, 0x00000000d5c00000)
  object space 87552K, 0% used [0x0000000081400000,0x0000000081400000,0x0000000086980000)
 Metaspace       used 6308K, capacity 6422K, committed 6528K, reserved 1056768K
  class space    used 593K, capacity 627K, committed 640K, reserved 1048576K
Event: 1.074 GC heap after
Heap after GC invocations=1 (full 0):
 PSYoungGen      total 38400K, used 5098K [0x00000000d5c00000, 0x00000000da700000, 0x0000000100000000)
  eden space 33280K, 0% used [0x00000000d5c00000,0x00000000d5c00000,0x00000000d7c80000)
  from space 5120K, 99% used [0x00000000d7c80000,0x00000000d817ab80,0x00000000d8180000)
  to   space 5120K, 0% used [0x00000000da200000,0x00000000da200000,0x00000000da700000)
 ParOldGen       total 87552K, used 4856K [0x0000000081400000, 0x0000000086980000, 0x00000000d5c00000)
  object space 87552K, 5% used [0x0000000081400000,0x00000000818be300,0x0000000086980000)
 Metaspace       used 6308K, capacity 6422K, committed 6528K, reserved 1056768K
  class space    used 593K, capacity 627K, committed 640K, reserved 1048576K
}
Event: 1.614 GC heap before
{Heap before GC invocations=2 (full 0):
 PSYoungGen      total 38400K, used 38378K [0x00000000d5c00000, 0x00000000da700000, 0x0000000100000000)
  eden space 33280K, 100% used [0x00000000d5c00000,0x00000000d7c80000,0x00000000d7c80000)
  from space 5120K, 99% used [0x00000000d7c80000,0x00000000d817ab80,0x00000000d8180000)
  to   space 5120K, 0% used [0x00000000da200000,0x00000000da200000,0x00000000da700000)
 ParOldGen       total 87552K, used 4856K [0x0000000081400000, 0x0000000086980000, 0x00000000d5c00000)
  object space 87552K, 5% used [0x0000000081400000,0x00000000818be300,0x0000000086980000)
 Metaspace       used 6477K, capacity 6550K, committed 6784K, reserved 1056768K
  class space    used 593K, capacity 627K, committed 640K, reserved 1048576K
Event: 1.646 GC heap after
Heap after GC invocations=2 (full 0):
 PSYoungGen      total 71680K, used 5104K [0x00000000d5c00000, 0x00000000da700000, 0x0000000100000000)
  eden space 66560K, 0% used [0x00000000d5c00000,0x00000000d5c00000,0x00000000d9d00000)
  from space 5120K, 99% used [0x00000000da200000,0x00000000da6fc060,0x00000000da700000)
  to   space 5120K, 0% used [0x00000000d9d00000,0x00000000d9d00000,0x00000000da200000)
 ParOldGen       total 87552K, used 12129K [0x0000000081400000, 0x0000000086980000, 0x00000000d5c00000)
  object space 87552K, 13% used [0x0000000081400000,0x0000000081fd8760,0x0000000086980000)
 Metaspace       used 6477K, capacity 6550K, committed 6784K, reserved 1056768K
  class space    used 593K, capacity 627K, committed 640K, reserved 1048576K
}
Event: 2.637 GC heap before
{Heap before GC invocations=3 (full 0):
 PSYoungGen      total 71680K, used 71664K [0x00000000d5c00000, 0x00000000da700000, 0x0000000100000000)
  eden space 66560K, 100% used [0x00000000d5c00000,0x00000000d9d00000,0x00000000d9d00000)
  from space 5120K, 99% used [0x00000000da200000,0x00000000da6fc060,0x00000000da700000)
  to   space 5120K, 0% used [0x00000000d9d00000,0x00000000d9d00000,0x00000000da200000)
 ParOldGen       total 87552K, used 12129K [0x0000000081400000, 0x0000000086980000, 0x00000000d5c00000)
  object space 87552K, 13% used [0x0000000081400000,0x0000000081fd8760,0x0000000086980000)
 Metaspace       used 6681K, capacity 6806K, committed 7040K, reserved 1056768K
  class space    used 593K, capacity 627K, committed 640K, reserved 1048576K
Event: 2.692 GC heap after
Heap after GC invocations=3 (full 0):
 PSYoungGen      total 71680K, used 5104K [0x00000000d5c00000, 0x00000000de800000, 0x0000000100000000)
  eden space 66560K, 0% used [0x00000000d5c00000,0x00000000d5c00000,0x00000000d9d00000)
  from space 5120K, 99% used [0x00000000d9d00000,0x00000000da1fc040,0x00000000da200000)
  to   space 5120K, 0% used [0x00000000de300000,0x00000000de300000,0x00000000de800000)
 ParOldGen       total 87552K, used 29884K [0x0000000081400000, 0x0000000086980000, 0x00000000d5c00000)
  object space 87552K, 34% used [0x0000000081400000,0x000000008312f240,0x0000000086980000)
 Metaspace       used 6681K, capacity 6806K, committed 7040K, reserved 1056768K
  class space    used 593K, capacity 627K, committed 640K, reserved 1048576K
}

Deoptimization events (10 events):
Event: 2.712 Thread 0x00000000026f9800 Uncommon trap: reason=unhandled action=none pc=0x000000000f4487bc method=java.lang.Integer.parseInt(Ljava/lang/String;I)I @ 204
Event: 2.717 Thread 0x00000000026f9800 Uncommon trap: reason=unhandled action=none pc=0x000000000f4487bc method=java.lang.Integer.parseInt(Ljava/lang/String;I)I @ 204
Event: 2.722 Thread 0x00000000026f9800 Uncommon trap: reason=unhandled action=none pc=0x000000000f4487bc method=java.lang.Integer.parseInt(Ljava/lang/String;I)I @ 204
Event: 2.726 Thread 0x00000000026f9800 Uncommon trap: reason=unhandled action=none pc=0x000000000f4487bc method=java.lang.Integer.parseInt(Ljava/lang/String;I)I @ 204
Event: 2.731 Thread 0x00000000026f9800 Uncommon trap: reason=unhandled action=none pc=0x000000000f4487bc method=java.lang.Integer.parseInt(Ljava/lang/String;I)I @ 204
Event: 2.736 Thread 0x00000000026f9800 Uncommon trap: reason=unhandled action=none pc=0x000000000f4487bc method=java.lang.Integer.parseInt(Ljava/lang/String;I)I @ 204
Event: 2.741 Thread 0x00000000026f9800 Uncommon trap: reason=unhandled action=none pc=0x000000000f4487bc method=java.lang.Integer.parseInt(Ljava/lang/String;I)I @ 204
Event: 2.745 Thread 0x00000000026f9800 Uncommon trap: reason=unhandled action=none pc=0x000000000f4487bc method=java.lang.Integer.parseInt(Ljava/lang/String;I)I @ 204
Event: 2.750 Thread 0x00000000026f9800 Uncommon trap: reason=unhandled action=none pc=0x000000000f4487bc method=java.lang.Integer.parseInt(Ljava/lang/String;I)I @ 204
Event: 2.753 Thread 0x00000000026f9800 Uncommon trap: reason=predicate action=maybe_recompile pc=0x000000000f233044 method=java.util.TreeMap.put(Ljava/lang/Object;Ljava/lang/Object;)Ljava/lang/Object; @ 132

Internal exceptions (10 events):
Event: 0.544 Thread 0x00000000026f9800 Exception <a 'java/security/PrivilegedActionException'> (0x00000000d63860d0) thrown at [C:\workspace\8-2-build-windows-amd64-cygwin\jdk8u31\2394\hotspot\src\share\vm\prims\jvm.cpp, line 1312]
Event: 0.544 Thread 0x00000000026f9800 Exception <a 'java/security/PrivilegedActionException'> (0x00000000d638a210) thrown at [C:\workspace\8-2-build-windows-amd64-cygwin\jdk8u31\2394\hotspot\src\share\vm\prims\jvm.cpp, line 1312]
Event: 0.558 Thread 0x00000000026f9800 Exception <a 'java/security/PrivilegedActionException'> (0x00000000d639cba0) thrown at [C:\workspace\8-2-build-windows-amd64-cygwin\jdk8u31\2394\hotspot\src\share\vm\prims\jvm.cpp, line 1312]
Event: 0.559 Thread 0x00000000026f9800 Exception <a 'java/security/PrivilegedActionException'> (0x00000000d63a41c8) thrown at [C:\workspace\8-2-build-windows-amd64-cygwin\jdk8u31\2394\hotspot\src\share\vm\prims\jvm.cpp, line 1312]
Event: 0.564 Thread 0x00000000026f9800 Exception <a 'java/security/PrivilegedActionException'> (0x00000000d63db228) thrown at [C:\workspace\8-2-build-windows-amd64-cygwin\jdk8u31\2394\hotspot\src\share\vm\prims\jvm.cpp, line 1312]
Event: 2.751 Thread 0x00000000026f9800 Exception <a 'java/security/PrivilegedActionException'> (0x00000000d5fc75f8) thrown at [C:\workspace\8-2-build-windows-amd64-cygwin\jdk8u31\2394\hotspot\src\share\vm\prims\jvm.cpp, line 1312]
Event: 2.752 Thread 0x00000000026f9800 Exception <a 'java/security/PrivilegedActionException'> (0x00000000d5fcb6a0) thrown at [C:\workspace\8-2-build-windows-amd64-cygwin\jdk8u31\2394\hotspot\src\share\vm\prims\jvm.cpp, line 1312]
Event: 2.754 Thread 0x00000000026f9800 Exception <a 'java/security/PrivilegedActionException'> (0x00000000d5fd21a0) thrown at [C:\workspace\8-2-build-windows-amd64-cygwin\jdk8u31\2394\hotspot\src\share\vm\prims\jvm.cpp, line 1312]
Event: 2.755 Thread 0x00000000026f9800 Exception <a 'java/security/PrivilegedActionException'> (0x00000000d5fd69a0) thrown at [C:\workspace\8-2-build-windows-amd64-cygwin\jdk8u31\2394\hotspot\src\share\vm\prims\jvm.cpp, line 1312]
Event: 2.756 Thread 0x00000000026f9800 Exception <a 'java/security/PrivilegedActionException'> (0x00000000d5fda938) thrown at [C:\workspace\8-2-build-windows-amd64-cygwin\jdk8u31\2394\hotspot\src\share\vm\prims\jvm.cpp, line 1312]

Events (10 events):
Event: 4526.691 Executing VM operation: ChangeSingleStep
Event: 4526.691 Executing VM operation: ChangeSingleStep done
Event: 4526.691 Executing VM operation: ChangeSingleStep
Event: 4526.691 Executing VM operation: ChangeSingleStep done
Event: 4531.931 Executing VM operation: GetOrSetLocal
Event: 4531.931 Executing VM operation: GetOrSetLocal done
Event: 4582.516 Executing VM operation: ChangeBreakpoints
Event: 4582.517 Executing VM operation: ChangeBreakpoints done
Event: 10055.290 Executing VM operation: RedefineClasses
Event: 10055.297 Executing VM operation: RedefineClasses done


Dynamic libraries:
0x000000013f7c0000 - 0x000000013f7f4000 	C:\Program Files\Java\jre1.8.0_31\bin\javaw.exe
0x0000000076cb0000 - 0x0000000076e59000 	C:\windows\SYSTEM32\ntdll.dll
0x0000000076a90000 - 0x0000000076baf000 	C:\windows\system32\kernel32.dll
0x000007fefcc20000 - 0x000007fefcc8b000 	C:\windows\system32\KERNELBASE.dll
0x000007fefeec0000 - 0x000007fefef9b000 	C:\windows\system32\ADVAPI32.dll
0x000007fefe720000 - 0x000007fefe7bf000 	C:\windows\system32\msvcrt.dll
0x000007fefefa0000 - 0x000007fefefbf000 	C:\windows\SYSTEM32\sechost.dll
0x000007fefe8b0000 - 0x000007fefe9dd000 	C:\windows\system32\RPCRT4.dll
0x0000000076bb0000 - 0x0000000076caa000 	C:\windows\system32\USER32.dll
0x000007fefe7c0000 - 0x000007fefe827000 	C:\windows\system32\GDI32.dll
0x000007fefd3c0000 - 0x000007fefd3ce000 	C:\windows\system32\LPK.dll
0x000007fefed10000 - 0x000007fefedd9000 	C:\windows\system32\USP10.dll
0x000007fefb5b0000 - 0x000007fefb7a4000 	C:\windows\WinSxS\amd64_microsoft.windows.common-controls_6595b64144ccf1df_6.0.7601.17514_none_fa396087175ac9ac\COMCTL32.dll
0x000007fefede0000 - 0x000007fefee51000 	C:\windows\system32\SHLWAPI.dll
0x000007fefea40000 - 0x000007fefea6e000 	C:\windows\system32\IMM32.DLL
0x000007fefd080000 - 0x000007fefd189000 	C:\windows\system32\MSCTF.dll
0x000007fefc8e0000 - 0x000007fefc921000 	C:\windows\system32\nvinitx.dll
0x000000000f000000 - 0x000000000f006000 	C:\Program Files\NVIDIA Corporation\CoProcManager\_etoured.dll
0x000007fef9c90000 - 0x000007fef9ce6000 	C:\Program Files\NVIDIA Corporation\CoProcManager\nvd3d9wrapx.dll
0x000007fefea70000 - 0x000007fefec47000 	C:\windows\system32\SETUPAPI.dll
0x000007fefcd90000 - 0x000007fefcdc6000 	C:\windows\system32\CFGMGR32.dll
0x000007fefd8b0000 - 0x000007fefd987000 	C:\windows\system32\OLEAUT32.dll
0x000007fefd6a0000 - 0x000007fefd8a3000 	C:\windows\system32\ole32.dll
0x000007fefcc00000 - 0x000007fefcc1a000 	C:\windows\system32\DEVOBJ.dll
0x000007fef9b00000 - 0x000007fef9b3d000 	C:\Program Files\NVIDIA Corporation\CoProcManager\nvdxgiwrapx.dll
0x00000000794a0000 - 0x0000000079572000 	C:\Program Files\Java\jre1.8.0_31\bin\msvcr100.dll
0x0000000070310000 - 0x0000000070b6a000 	C:\Program Files\Java\jre1.8.0_31\bin\server\jvm.dll
0x000007fef86b0000 - 0x000007fef86b9000 	C:\windows\system32\WSOCK32.dll
0x000007fefe9f0000 - 0x000007fefea3d000 	C:\windows\system32\WS2_32.dll
0x000007fefe9e0000 - 0x000007fefe9e8000 	C:\windows\system32\NSI.dll
0x000007fefa4d0000 - 0x000007fefa50b000 	C:\windows\system32\WINMM.dll
0x0000000076e80000 - 0x0000000076e87000 	C:\windows\system32\PSAPI.DLL
0x000000005c240000 - 0x000000005c24f000 	C:\Program Files\Java\jre1.8.0_31\bin\verify.dll
0x000000006d3e0000 - 0x000000006d408000 	C:\Program Files\Java\jre1.8.0_31\bin\java.dll
0x000000006d250000 - 0x000000006d285000 	C:\Program Files\Java\jre1.8.0_31\bin\jdwp.dll
0x0000000070210000 - 0x0000000070218000 	C:\Program Files\Java\jre1.8.0_31\bin\npt.dll
0x0000000000590000 - 0x00000000005a6000 	C:\Program Files\Java\jre1.8.0_31\bin\zip.dll
0x000007fefd990000 - 0x000007fefe718000 	C:\windows\system32\SHELL32.dll
0x000007fefca70000 - 0x000007fefca7f000 	C:\windows\system32\profapi.dll
0x000000006c910000 - 0x000000006c919000 	C:\Program Files\Java\jre1.8.0_31\bin\dt_socket.dll
0x0000000002360000 - 0x00000000023b8000 	C:\Program Files (x86)\Microsoft Firewall Client 2004\FwcWsp64.dll
0x000007fefa510000 - 0x000007fefa525000 	C:\windows\system32\NLAapi.dll
0x000007fef88a0000 - 0x000007fef88b5000 	C:\windows\system32\napinsp.dll
0x000007fef8880000 - 0x000007fef8899000 	C:\windows\system32\pnrpnsp.dll
0x000007fefc1b0000 - 0x000007fefc205000 	C:\windows\System32\mswsock.dll
0x000007fefc040000 - 0x000007fefc09b000 	C:\windows\system32\DNSAPI.dll
0x000007fef8870000 - 0x000007fef887b000 	C:\windows\System32\winrnr.dll
0x000007fef8860000 - 0x000007fef8870000 	C:\windows\system32\wshbth.dll
0x000007fef7df0000 - 0x000007fef7e1e000 	C:\Program Files\Common Files\Microsoft Shared\Windows Live\WLIDNSP.DLL
0x000000006fc90000 - 0x000000006fcb6000 	C:\Program Files\Bonjour\mdnsNSP.dll
0x000007fef9cf0000 - 0x000007fef9d17000 	C:\windows\system32\Iphlpapi.DLL
0x000007fef9c80000 - 0x000007fef9c8b000 	C:\windows\system32\WINNSI.DLL
0x000007fefbb60000 - 0x000007fefbb67000 	C:\windows\System32\wshtcpip.dll
0x000007fef9a60000 - 0x000007fef9ab3000 	C:\windows\System32\fwpuclnt.dll
0x000007fef7490000 - 0x000007fef7498000 	C:\windows\system32\rasadhlp.dll
0x000000006f8f0000 - 0x000000006f90a000 	C:\Program Files\Java\jre1.8.0_31\bin\net.dll
0x000007fefc3e0000 - 0x000007fefc3e7000 	C:\windows\System32\wship6.dll
0x000007feef1d0000 - 0x000007feef2f5000 	C:\windows\system32\dbghelp.dll

VM Arguments:
jvm_args: -agentlib:jdwp=transport=dt_socket,suspend=y,address=localhost:50209 -Dfile.encoding=Cp1256 
java_command: EDoS.EDoS
java_class_path (initial): D:\Courses\Fourth Semester\Thesis\Simulation\EDoS\cloudsim-3.0.3\bin;D:\Courses\Fourth Semester\Thesis\Simulation\EDoS\cloudsim-3.0.3\jars\cloudsim-3.0.3.jar;D:\Courses\Fourth Semester\Thesis\Simulation\EDoS\cloudsim-3.0.3\jars\cloudsim-3.0.3-sources.jar;D:\Courses\Fourth Semester\Thesis\Simulation\EDoS\cloudsim-3.0.3\jars\cloudsim-examples-3.0.3.jar;D:\Courses\Fourth Semester\Thesis\Simulation\EDoS\cloudsim-3.0.3\jars\cloudsim-examples-3.0.3-sources.jar;D:\Courses\Fourth Semester\Thesis\Simulation\EDoS\cloudsim-3.0.3\jars\commons-math3-3.3.jar;D:\Courses\Fourth Semester\Thesis\Simulation\EDoS\cloudsim-3.0.3\jars\poi-3.11-20141221.jar;D:\Courses\Fourth Semester\Thesis\Simulation\EDoS\cloudsim-3.0.3\jars\poi-ooxml-3.11-20141221.jar;D:\Courses\Fourth Semester\Thesis\Simulation\EDoS\cloudsim-3.0.3\jars\mysql-connector-java-5.0.8-bin.jar
Launcher Type: SUN_STANDARD

Environment Variables:
USERNAME=lenovo
OS=Windows_NT
PROCESSOR_IDENTIFIER=Intel64 Family 6 Model 42 Stepping 7, GenuineIntel



---------------  S Y S T E M  ---------------

OS: Windows 7 , 64 bit Build 7601 Service Pack 1

CPU:total 8 (4 cores per cpu, 2 threads per core) family 6 model 42 stepping 7, cmov, cx8, fxsr, mmx, sse, sse2, sse3, ssse3, sse4.1, sse4.2, popcnt, avx, aes, clmul, ht, tsc, tscinvbit

Memory: 4k page, physical 8300688k(1024556k free), swap 16843608k(3121160k free)

vm_info: Java HotSpot(TM) 64-Bit Server VM (25.31-b07) for windows-amd64 JRE (1.8.0_31-b13), built on Dec 17 2014 21:00:28 by "java_re" with MS VC++ 10.0 (VS2010)

time: Mon Oct 19 05:50:12 2015
elapsed time: 10055 seconds (0d 2h 47m 35s)

